2026-01-02 12:36:13,657 [Worker-2: Loading available Gradle versions] INFO  o.e.b.c.i.u.g.PublishedGradleVersions - Gradle version information cache is out-of-date. Trying to update.
2026-01-02 12:43:35,374 [Worker-20: Launching mavenrun-c064f4b2-ae77-4f9c-af42-aef68f614749] INFO  o.eclipse.m2e.core.internal.Bundles - getClasspathEntries(Bundle=org.eclipse.m2e.maven.runtime_3.9.700.20240602-2313 [299])
2026-01-02 12:43:35,377 [Worker-20: Launching mavenrun-c064f4b2-ae77-4f9c-af42-aef68f614749] INFO  o.eclipse.m2e.core.internal.Bundles - 	Entry: C:\Users\leyre\.p2\pool\plugins\org.eclipse.m2e.maven.runtime_3.9.700.20240602-2313
2026-01-02 12:43:35,377 [Worker-20: Launching mavenrun-c064f4b2-ae77-4f9c-af42-aef68f614749] INFO  o.eclipse.m2e.core.internal.Bundles - 	Entry: C:\Users\leyre\.p2\pool\plugins\org.eclipse.m2e.maven.runtime_3.9.700.20240602-2313\jars\aopalliance-1.0.jar
2026-01-02 12:43:35,377 [Worker-20: Launching mavenrun-c064f4b2-ae77-4f9c-af42-aef68f614749] INFO  o.eclipse.m2e.core.internal.Bundles - 	Entry: C:\Users\leyre\.p2\pool\plugins\org.eclipse.m2e.maven.runtime_3.9.700.20240602-2313\jars\guice-5.1.0.jar
2026-01-02 12:43:35,377 [Worker-20: Launching mavenrun-c064f4b2-ae77-4f9c-af42-aef68f614749] INFO  o.eclipse.m2e.core.internal.Bundles - 	Entry: C:\Users\leyre\.p2\pool\plugins\org.eclipse.m2e.maven.runtime_3.9.700.20240602-2313\jars\httpclient-4.5.14.jar
2026-01-02 12:43:35,377 [Worker-20: Launching mavenrun-c064f4b2-ae77-4f9c-af42-aef68f614749] INFO  o.eclipse.m2e.core.internal.Bundles - 	Entry: C:\Users\leyre\.p2\pool\plugins\org.eclipse.m2e.maven.runtime_3.9.700.20240602-2313\jars\httpcore-4.4.16.jar
2026-01-02 12:43:35,378 [Worker-20: Launching mavenrun-c064f4b2-ae77-4f9c-af42-aef68f614749] INFO  o.eclipse.m2e.core.internal.Bundles - 	Entry: C:\Users\leyre\.p2\pool\plugins\org.eclipse.m2e.maven.runtime_3.9.700.20240602-2313\jars\jansi-2.4.1.jar
2026-01-02 12:43:35,378 [Worker-20: Launching mavenrun-c064f4b2-ae77-4f9c-af42-aef68f614749] INFO  o.eclipse.m2e.core.internal.Bundles - 	Entry: C:\Users\leyre\.p2\pool\plugins\org.eclipse.m2e.maven.runtime_3.9.700.20240602-2313\jars\jcl-over-slf4j-1.7.36.jar
2026-01-02 12:43:35,378 [Worker-20: Launching mavenrun-c064f4b2-ae77-4f9c-af42-aef68f614749] INFO  o.eclipse.m2e.core.internal.Bundles - 	Entry: C:\Users\leyre\.p2\pool\plugins\org.eclipse.m2e.maven.runtime_3.9.700.20240602-2313\jars\maven-artifact-3.9.7.jar
2026-01-02 12:43:35,378 [Worker-20: Launching mavenrun-c064f4b2-ae77-4f9c-af42-aef68f614749] INFO  o.eclipse.m2e.core.internal.Bundles - 	Entry: C:\Users\leyre\.p2\pool\plugins\org.eclipse.m2e.maven.runtime_3.9.700.20240602-2313\jars\maven-builder-support-3.9.7.jar
2026-01-02 12:43:35,378 [Worker-20: Launching mavenrun-c064f4b2-ae77-4f9c-af42-aef68f614749] INFO  o.eclipse.m2e.core.internal.Bundles - 	Entry: C:\Users\leyre\.p2\pool\plugins\org.eclipse.m2e.maven.runtime_3.9.700.20240602-2313\jars\maven-compat-3.9.7.jar
2026-01-02 12:43:35,378 [Worker-20: Launching mavenrun-c064f4b2-ae77-4f9c-af42-aef68f614749] INFO  o.eclipse.m2e.core.internal.Bundles - 	Entry: C:\Users\leyre\.p2\pool\plugins\org.eclipse.m2e.maven.runtime_3.9.700.20240602-2313\jars\maven-core-3.9.7.jar
2026-01-02 12:43:35,378 [Worker-20: Launching mavenrun-c064f4b2-ae77-4f9c-af42-aef68f614749] INFO  o.eclipse.m2e.core.internal.Bundles - 	Entry: C:\Users\leyre\.p2\pool\plugins\org.eclipse.m2e.maven.runtime_3.9.700.20240602-2313\jars\maven-embedder-3.9.7.jar
2026-01-02 12:43:35,379 [Worker-20: Launching mavenrun-c064f4b2-ae77-4f9c-af42-aef68f614749] INFO  o.eclipse.m2e.core.internal.Bundles - 	Entry: C:\Users\leyre\.p2\pool\plugins\org.eclipse.m2e.maven.runtime_3.9.700.20240602-2313\jars\maven-model-3.9.7.jar
2026-01-02 12:43:35,379 [Worker-20: Launching mavenrun-c064f4b2-ae77-4f9c-af42-aef68f614749] INFO  o.eclipse.m2e.core.internal.Bundles - 	Entry: C:\Users\leyre\.p2\pool\plugins\org.eclipse.m2e.maven.runtime_3.9.700.20240602-2313\jars\maven-model-builder-3.9.7.jar
2026-01-02 12:43:35,379 [Worker-20: Launching mavenrun-c064f4b2-ae77-4f9c-af42-aef68f614749] INFO  o.eclipse.m2e.core.internal.Bundles - 	Entry: C:\Users\leyre\.p2\pool\plugins\org.eclipse.m2e.maven.runtime_3.9.700.20240602-2313\jars\maven-plugin-api-3.9.7.jar
2026-01-02 12:43:35,379 [Worker-20: Launching mavenrun-c064f4b2-ae77-4f9c-af42-aef68f614749] INFO  o.eclipse.m2e.core.internal.Bundles - 	Entry: C:\Users\leyre\.p2\pool\plugins\org.eclipse.m2e.maven.runtime_3.9.700.20240602-2313\jars\maven-repository-metadata-3.9.7.jar
2026-01-02 12:43:35,379 [Worker-20: Launching mavenrun-c064f4b2-ae77-4f9c-af42-aef68f614749] INFO  o.eclipse.m2e.core.internal.Bundles - 	Entry: C:\Users\leyre\.p2\pool\plugins\org.eclipse.m2e.maven.runtime_3.9.700.20240602-2313\jars\maven-resolver-api-1.9.20.jar
2026-01-02 12:43:35,379 [Worker-20: Launching mavenrun-c064f4b2-ae77-4f9c-af42-aef68f614749] INFO  o.eclipse.m2e.core.internal.Bundles - 	Entry: C:\Users\leyre\.p2\pool\plugins\org.eclipse.m2e.maven.runtime_3.9.700.20240602-2313\jars\maven-resolver-connector-basic-1.9.20.jar
2026-01-02 12:43:35,379 [Worker-20: Launching mavenrun-c064f4b2-ae77-4f9c-af42-aef68f614749] INFO  o.eclipse.m2e.core.internal.Bundles - 	Entry: C:\Users\leyre\.p2\pool\plugins\org.eclipse.m2e.maven.runtime_3.9.700.20240602-2313\jars\maven-resolver-impl-1.9.20.jar
2026-01-02 12:43:35,379 [Worker-20: Launching mavenrun-c064f4b2-ae77-4f9c-af42-aef68f614749] INFO  o.eclipse.m2e.core.internal.Bundles - 	Entry: C:\Users\leyre\.p2\pool\plugins\org.eclipse.m2e.maven.runtime_3.9.700.20240602-2313\jars\maven-resolver-named-locks-1.9.20.jar
2026-01-02 12:43:35,379 [Worker-20: Launching mavenrun-c064f4b2-ae77-4f9c-af42-aef68f614749] INFO  o.eclipse.m2e.core.internal.Bundles - 	Entry: C:\Users\leyre\.p2\pool\plugins\org.eclipse.m2e.maven.runtime_3.9.700.20240602-2313\jars\maven-resolver-provider-3.9.7.jar
2026-01-02 12:43:35,380 [Worker-20: Launching mavenrun-c064f4b2-ae77-4f9c-af42-aef68f614749] INFO  o.eclipse.m2e.core.internal.Bundles - 	Entry: C:\Users\leyre\.p2\pool\plugins\org.eclipse.m2e.maven.runtime_3.9.700.20240602-2313\jars\maven-resolver-spi-1.9.20.jar
2026-01-02 12:43:35,380 [Worker-20: Launching mavenrun-c064f4b2-ae77-4f9c-af42-aef68f614749] INFO  o.eclipse.m2e.core.internal.Bundles - 	Entry: C:\Users\leyre\.p2\pool\plugins\org.eclipse.m2e.maven.runtime_3.9.700.20240602-2313\jars\maven-resolver-transport-file-1.9.20.jar
2026-01-02 12:43:35,380 [Worker-20: Launching mavenrun-c064f4b2-ae77-4f9c-af42-aef68f614749] INFO  o.eclipse.m2e.core.internal.Bundles - 	Entry: C:\Users\leyre\.p2\pool\plugins\org.eclipse.m2e.maven.runtime_3.9.700.20240602-2313\jars\maven-resolver-transport-http-1.9.20.jar
2026-01-02 12:43:35,380 [Worker-20: Launching mavenrun-c064f4b2-ae77-4f9c-af42-aef68f614749] INFO  o.eclipse.m2e.core.internal.Bundles - 	Entry: C:\Users\leyre\.p2\pool\plugins\org.eclipse.m2e.maven.runtime_3.9.700.20240602-2313\jars\maven-resolver-transport-wagon-1.9.20.jar
2026-01-02 12:43:35,380 [Worker-20: Launching mavenrun-c064f4b2-ae77-4f9c-af42-aef68f614749] INFO  o.eclipse.m2e.core.internal.Bundles - 	Entry: C:\Users\leyre\.p2\pool\plugins\org.eclipse.m2e.maven.runtime_3.9.700.20240602-2313\jars\maven-resolver-util-1.9.20.jar
2026-01-02 12:43:35,380 [Worker-20: Launching mavenrun-c064f4b2-ae77-4f9c-af42-aef68f614749] INFO  o.eclipse.m2e.core.internal.Bundles - 	Entry: C:\Users\leyre\.p2\pool\plugins\org.eclipse.m2e.maven.runtime_3.9.700.20240602-2313\jars\maven-settings-3.9.7.jar
2026-01-02 12:43:35,380 [Worker-20: Launching mavenrun-c064f4b2-ae77-4f9c-af42-aef68f614749] INFO  o.eclipse.m2e.core.internal.Bundles - 	Entry: C:\Users\leyre\.p2\pool\plugins\org.eclipse.m2e.maven.runtime_3.9.700.20240602-2313\jars\maven-settings-builder-3.9.7.jar
2026-01-02 12:43:35,381 [Worker-20: Launching mavenrun-c064f4b2-ae77-4f9c-af42-aef68f614749] INFO  o.eclipse.m2e.core.internal.Bundles - 	Entry: C:\Users\leyre\.p2\pool\plugins\org.eclipse.m2e.maven.runtime_3.9.700.20240602-2313\jars\maven-shared-utils-3.4.2.jar
2026-01-02 12:43:35,381 [Worker-20: Launching mavenrun-c064f4b2-ae77-4f9c-af42-aef68f614749] INFO  o.eclipse.m2e.core.internal.Bundles - 	Entry: C:\Users\leyre\.p2\pool\plugins\org.eclipse.m2e.maven.runtime_3.9.700.20240602-2313\jars\org.eclipse.sisu.inject-0.9.0.M2.jar
2026-01-02 12:43:35,381 [Worker-20: Launching mavenrun-c064f4b2-ae77-4f9c-af42-aef68f614749] INFO  o.eclipse.m2e.core.internal.Bundles - 	Entry: C:\Users\leyre\.p2\pool\plugins\org.eclipse.m2e.maven.runtime_3.9.700.20240602-2313\jars\org.eclipse.sisu.plexus-0.9.0.M2.jar
2026-01-02 12:43:35,381 [Worker-20: Launching mavenrun-c064f4b2-ae77-4f9c-af42-aef68f614749] INFO  o.eclipse.m2e.core.internal.Bundles - 	Entry: C:\Users\leyre\.p2\pool\plugins\org.eclipse.m2e.maven.runtime_3.9.700.20240602-2313\jars\plexus-build-api-0.0.7.jar
2026-01-02 12:43:35,381 [Worker-20: Launching mavenrun-c064f4b2-ae77-4f9c-af42-aef68f614749] INFO  o.eclipse.m2e.core.internal.Bundles - 	Entry: C:\Users\leyre\.p2\pool\plugins\org.eclipse.m2e.maven.runtime_3.9.700.20240602-2313\jars\plexus-build-api-1.2.0.jar
2026-01-02 12:43:35,381 [Worker-20: Launching mavenrun-c064f4b2-ae77-4f9c-af42-aef68f614749] INFO  o.eclipse.m2e.core.internal.Bundles - 	Entry: C:\Users\leyre\.p2\pool\plugins\org.eclipse.m2e.maven.runtime_3.9.700.20240602-2313\jars\plexus-cipher-2.0.jar
2026-01-02 12:43:35,382 [Worker-20: Launching mavenrun-c064f4b2-ae77-4f9c-af42-aef68f614749] INFO  o.eclipse.m2e.core.internal.Bundles - 	Entry: C:\Users\leyre\.p2\pool\plugins\org.eclipse.m2e.maven.runtime_3.9.700.20240602-2313\jars\plexus-classworlds-2.8.0.jar
2026-01-02 12:43:35,382 [Worker-20: Launching mavenrun-c064f4b2-ae77-4f9c-af42-aef68f614749] INFO  o.eclipse.m2e.core.internal.Bundles - 	Entry: C:\Users\leyre\.p2\pool\plugins\org.eclipse.m2e.maven.runtime_3.9.700.20240602-2313\jars\plexus-component-annotations-2.1.0.jar
2026-01-02 12:43:35,382 [Worker-20: Launching mavenrun-c064f4b2-ae77-4f9c-af42-aef68f614749] INFO  o.eclipse.m2e.core.internal.Bundles - 	Entry: C:\Users\leyre\.p2\pool\plugins\org.eclipse.m2e.maven.runtime_3.9.700.20240602-2313\jars\plexus-interpolation-1.27.jar
2026-01-02 12:43:35,382 [Worker-20: Launching mavenrun-c064f4b2-ae77-4f9c-af42-aef68f614749] INFO  o.eclipse.m2e.core.internal.Bundles - 	Entry: C:\Users\leyre\.p2\pool\plugins\org.eclipse.m2e.maven.runtime_3.9.700.20240602-2313\jars\plexus-sec-dispatcher-2.0.jar
2026-01-02 12:43:35,382 [Worker-20: Launching mavenrun-c064f4b2-ae77-4f9c-af42-aef68f614749] INFO  o.eclipse.m2e.core.internal.Bundles - 	Entry: C:\Users\leyre\.p2\pool\plugins\org.eclipse.m2e.maven.runtime_3.9.700.20240602-2313\jars\plexus-utils-3.5.1.jar
2026-01-02 12:43:35,383 [Worker-20: Launching mavenrun-c064f4b2-ae77-4f9c-af42-aef68f614749] INFO  o.eclipse.m2e.core.internal.Bundles - 	Entry: C:\Users\leyre\.p2\pool\plugins\org.eclipse.m2e.maven.runtime_3.9.700.20240602-2313\jars\wagon-file-3.5.3.jar
2026-01-02 12:43:35,383 [Worker-20: Launching mavenrun-c064f4b2-ae77-4f9c-af42-aef68f614749] INFO  o.eclipse.m2e.core.internal.Bundles - 	Entry: C:\Users\leyre\.p2\pool\plugins\org.eclipse.m2e.maven.runtime_3.9.700.20240602-2313\jars\wagon-http-3.5.3.jar
2026-01-02 12:43:35,383 [Worker-20: Launching mavenrun-c064f4b2-ae77-4f9c-af42-aef68f614749] INFO  o.eclipse.m2e.core.internal.Bundles - 	Entry: C:\Users\leyre\.p2\pool\plugins\org.eclipse.m2e.maven.runtime_3.9.700.20240602-2313\jars\wagon-http-shared-3.5.3.jar
2026-01-02 12:43:35,383 [Worker-20: Launching mavenrun-c064f4b2-ae77-4f9c-af42-aef68f614749] INFO  o.eclipse.m2e.core.internal.Bundles - 	Entry: C:\Users\leyre\.p2\pool\plugins\org.eclipse.m2e.maven.runtime_3.9.700.20240602-2313\jars\wagon-provider-api-3.5.3.jar
2026-01-02 12:43:35,384 [Worker-20: Launching mavenrun-c064f4b2-ae77-4f9c-af42-aef68f614749] INFO  o.eclipse.m2e.core.internal.Bundles - getClasspathEntries(Bundle=com.google.guava_33.2.0.jre [10])
2026-01-02 12:43:35,384 [Worker-20: Launching mavenrun-c064f4b2-ae77-4f9c-af42-aef68f614749] INFO  o.eclipse.m2e.core.internal.Bundles - 	Entry: C:\Users\leyre\.p2\pool\plugins\com.google.guava_33.2.0.jre.jar
2026-01-02 12:43:35,384 [Worker-20: Launching mavenrun-c064f4b2-ae77-4f9c-af42-aef68f614749] INFO  o.eclipse.m2e.core.internal.Bundles - getClasspathEntries(Bundle=slf4j.api_2.0.17 [585])
2026-01-02 12:43:35,385 [Worker-20: Launching mavenrun-c064f4b2-ae77-4f9c-af42-aef68f614749] INFO  o.eclipse.m2e.core.internal.Bundles - 	Entry: C:\Users\leyre\.p2\pool\plugins\slf4j.api_2.0.17.jar
2026-01-02 12:43:35,385 [Worker-20: Launching mavenrun-c064f4b2-ae77-4f9c-af42-aef68f614749] INFO  o.eclipse.m2e.core.internal.Bundles - getClasspathEntries(Bundle=jakarta.inject.jakarta.inject-api_1.0.5 [21])
2026-01-02 12:43:35,385 [Worker-20: Launching mavenrun-c064f4b2-ae77-4f9c-af42-aef68f614749] INFO  o.eclipse.m2e.core.internal.Bundles - 	Entry: C:\Users\leyre\.p2\pool\plugins\jakarta.inject.jakarta.inject-api_1.0.5.jar
2026-01-02 12:43:35,385 [Worker-20: Launching mavenrun-c064f4b2-ae77-4f9c-af42-aef68f614749] INFO  o.eclipse.m2e.core.internal.Bundles - getClasspathEntries(Bundle=javax.annotation_1.3.5.v20200909-1856 [24])
2026-01-02 12:43:35,386 [Worker-20: Launching mavenrun-c064f4b2-ae77-4f9c-af42-aef68f614749] INFO  o.eclipse.m2e.core.internal.Bundles - 	Entry: C:\Users\leyre\.p2\pool\plugins\javax.annotation_1.3.5.v20200909-1856.jar
2026-01-02 12:43:35,386 [Worker-20: Launching mavenrun-c064f4b2-ae77-4f9c-af42-aef68f614749] INFO  o.eclipse.m2e.core.internal.Bundles - getClasspathEntries(Bundle=org.apache.commons.cli_1.8.0 [47])
2026-01-02 12:43:35,386 [Worker-20: Launching mavenrun-c064f4b2-ae77-4f9c-af42-aef68f614749] INFO  o.eclipse.m2e.core.internal.Bundles - 	Entry: C:\Users\leyre\.p2\pool\plugins\org.apache.commons.cli_1.8.0.jar
2026-01-02 12:43:35,386 [Worker-20: Launching mavenrun-c064f4b2-ae77-4f9c-af42-aef68f614749] INFO  o.eclipse.m2e.core.internal.Bundles - getClasspathEntries(Bundle=org.apache.commons.commons-codec_1.19.0 [542])
2026-01-02 12:43:35,386 [Worker-20: Launching mavenrun-c064f4b2-ae77-4f9c-af42-aef68f614749] INFO  o.eclipse.m2e.core.internal.Bundles - 	Entry: C:\Users\leyre\.p2\pool\plugins\org.apache.commons.commons-codec_1.19.0.jar
2026-01-02 12:43:35,386 [Worker-20: Launching mavenrun-c064f4b2-ae77-4f9c-af42-aef68f614749] INFO  o.eclipse.m2e.core.internal.Bundles - getClasspathEntries(Bundle=org.apache.commons.lang3_3.14.0 [54])
2026-01-02 12:43:35,387 [Worker-20: Launching mavenrun-c064f4b2-ae77-4f9c-af42-aef68f614749] INFO  o.eclipse.m2e.core.internal.Bundles - 	Entry: C:\Users\leyre\.p2\pool\plugins\org.apache.commons.lang3_3.14.0.jar
2026-01-02 12:43:35,387 [Worker-20: Launching mavenrun-c064f4b2-ae77-4f9c-af42-aef68f614749] INFO  o.eclipse.m2e.core.internal.Bundles - getClasspathEntries(Bundle=com.google.guava.failureaccess_1.0.2 [11])
2026-01-02 12:43:35,387 [Worker-20: Launching mavenrun-c064f4b2-ae77-4f9c-af42-aef68f614749] INFO  o.eclipse.m2e.core.internal.Bundles - 	Entry: C:\Users\leyre\.p2\pool\plugins\com.google.guava.failureaccess_1.0.2.jar
2026-01-02 12:43:35,391 [Worker-20: Launching mavenrun-c064f4b2-ae77-4f9c-af42-aef68f614749] INFO  o.e.m.i.launch.MavenLaunchDelegate - Run build in "C:\Users\leyre\AppData\Local\Temp\m2e-archetypeGenerator9032969006007723068":
2026-01-02 12:43:35,394 [Worker-20: Launching mavenrun-c064f4b2-ae77-4f9c-af42-aef68f614749] INFO  o.e.m.i.launch.MavenLaunchDelegate -  mvn  -DjavaCompilerVersion=17 -DjunitVersion=5.11.0 -DarchetypeGroupId=org.apache.maven.archetypes -DarchetypeArtifactId=maven-archetype-quickstart -DarchetypeVersion=1.5 -DgroupId=com.leyreromero.psp -DartifactId=cine-simulacion-concurrente -Dversion=0.0.1-SNAPSHOT -Dpackage=com.leyreromero.psp.cine_simulacion_concurrente -DoutputDirectory="C:\Users\leyre\Desktop\DAM 2 25-26\PSP\Cine-Simulacion-Concurrente\psp-cine-simulacion-concurrente" -Dstyle.color=always -U archetype:generate
2026-01-02 12:43:50,498 [Worker-5: Creating maven-archetype-quickstart] INFO  o.e.m.c.i.p.ProjectConfigurationManager - Collecting project info '/pom.xml' C:\Users\leyre\Desktop\DAM 2 25-26\PSP\Cine-Simulacion-Concurrente\psp-cine-simulacion-concurrente\cine-simulacion-concurrente\pom.xml
2026-01-02 12:43:52,455 [Worker-5: Creating maven-archetype-quickstart] INFO  o.e.m.c.i.l.LifecycleMappingFactory - Using org.eclipse.m2e.jdt.JarLifecycleMapping lifecycle mapping for MavenProject: com.leyreromero.psp:cine-simulacion-concurrente:0.0.1-SNAPSHOT @ C:\Users\leyre\Desktop\DAM 2 25-26\PSP\Cine-Simulacion-Concurrente\psp-cine-simulacion-concurrente\cine-simulacion-concurrente\pom.xml.
2026-01-02 12:43:53,976 [Worker-5: Creating maven-archetype-quickstart] INFO  o.e.m.j.i.AbstractJavaProjectConfigurator - Adding source folder /cine-simulacion-concurrente/src/main/java
2026-01-02 12:43:53,978 [Worker-5: Creating maven-archetype-quickstart] INFO  o.e.m.j.i.AbstractJavaProjectConfigurator - Adding resource folder /cine-simulacion-concurrente/src/main/resources
2026-01-02 12:43:53,985 [Worker-5: Creating maven-archetype-quickstart] INFO  o.e.m.j.i.AbstractJavaProjectConfigurator - Adding source folder /cine-simulacion-concurrente/src/test/java
2026-01-02 12:43:53,987 [Worker-5: Creating maven-archetype-quickstart] INFO  o.e.m.j.i.AbstractJavaProjectConfigurator - Adding resource folder /cine-simulacion-concurrente/src/test/resources
2026-01-02 12:43:54,461 [Worker-5: Creating maven-archetype-quickstart] INFO  o.e.m.c.i.p.ProjectConfigurationManager - Imported and configured 1 project(s) in 3 sec
2026-01-02 12:43:55,072 [Worker-41: Building] INFO  o.a.m.s.f.DefaultMavenResourcesFiltering - skip non existing resourceDirectory C:\Users\leyre\Desktop\DAM 2 25-26\PSP\Cine-Simulacion-Concurrente\psp-cine-simulacion-concurrente\cine-simulacion-concurrente\src\main\resources
2026-01-02 12:43:55,076 [Worker-41: Building] INFO  o.a.m.s.f.DefaultMavenResourcesFiltering - skip non existing resourceDirectory C:\Users\leyre\Desktop\DAM 2 25-26\PSP\Cine-Simulacion-Concurrente\psp-cine-simulacion-concurrente\cine-simulacion-concurrente\src\test\resources
2026-01-02 18:36:41,368 [Worker-4: Loading available Gradle versions] INFO  o.e.b.c.i.u.g.PublishedGradleVersions - Gradle version information cache is up-to-date. Trying to read.
2026-01-02 18:36:44,312 [Worker-7: Building] INFO  o.a.m.s.f.DefaultMavenResourcesFiltering - skip non existing resourceDirectory C:\Users\leyre\Desktop\DAM 2 25-26\PSP\Cine-Simulacion-Concurrente\psp-cine-simulacion-concurrente\cine-simulacion-concurrente\src\main\resources
2026-01-02 18:36:44,320 [Worker-7: Building] INFO  o.a.m.s.f.DefaultMavenResourcesFiltering - skip non existing resourceDirectory C:\Users\leyre\Desktop\DAM 2 25-26\PSP\Cine-Simulacion-Concurrente\psp-cine-simulacion-concurrente\cine-simulacion-concurrente\src\test\resources
2026-01-02 18:37:20,300 [Worker-7: Building] INFO  o.a.m.s.f.DefaultMavenResourcesFiltering - skip non existing resourceDirectory C:\Users\leyre\Desktop\DAM 2 25-26\PSP\Cine-Simulacion-Concurrente\psp-cine-simulacion-concurrente\cine-simulacion-concurrente\src\main\resources
2026-01-02 18:37:20,305 [Worker-7: Building] INFO  o.a.m.s.f.DefaultMavenResourcesFiltering - skip non existing resourceDirectory C:\Users\leyre\Desktop\DAM 2 25-26\PSP\Cine-Simulacion-Concurrente\psp-cine-simulacion-concurrente\cine-simulacion-concurrente\src\test\resources
2026-01-02 18:40:01,223 [Worker-12: Building] INFO  o.a.m.s.f.DefaultMavenResourcesFiltering - skip non existing resourceDirectory C:\Users\leyre\Desktop\DAM 2 25-26\PSP\Cine-Simulacion-Concurrente\psp-cine-simulacion-concurrente\cine-simulacion-concurrente\src\main\resources
2026-01-02 18:40:01,228 [Worker-12: Building] INFO  o.a.m.s.f.DefaultMavenResourcesFiltering - skip non existing resourceDirectory C:\Users\leyre\Desktop\DAM 2 25-26\PSP\Cine-Simulacion-Concurrente\psp-cine-simulacion-concurrente\cine-simulacion-concurrente\src\test\resources
2026-01-02 18:43:47,108 [Worker-39: Building] INFO  o.a.m.s.f.DefaultMavenResourcesFiltering - skip non existing resourceDirectory C:\Users\leyre\Desktop\DAM 2 25-26\PSP\Cine-Simulacion-Concurrente\psp-cine-simulacion-concurrente\cine-simulacion-concurrente\src\main\resources
2026-01-02 18:43:47,111 [Worker-39: Building] INFO  o.a.m.s.f.DefaultMavenResourcesFiltering - skip non existing resourceDirectory C:\Users\leyre\Desktop\DAM 2 25-26\PSP\Cine-Simulacion-Concurrente\psp-cine-simulacion-concurrente\cine-simulacion-concurrente\src\test\resources
2026-01-02 18:44:47,730 [Worker-22: Building] INFO  o.a.m.s.f.DefaultMavenResourcesFiltering - skip non existing resourceDirectory C:\Users\leyre\Desktop\DAM 2 25-26\PSP\Cine-Simulacion-Concurrente\psp-cine-simulacion-concurrente\cine-simulacion-concurrente\src\main\resources
2026-01-02 18:44:47,732 [Worker-22: Building] INFO  o.a.m.s.f.DefaultMavenResourcesFiltering - skip non existing resourceDirectory C:\Users\leyre\Desktop\DAM 2 25-26\PSP\Cine-Simulacion-Concurrente\psp-cine-simulacion-concurrente\cine-simulacion-concurrente\src\test\resources
2026-01-02 18:45:01,964 [Worker-12: Building] INFO  o.a.m.s.f.DefaultMavenResourcesFiltering - skip non existing resourceDirectory C:\Users\leyre\Desktop\DAM 2 25-26\PSP\Cine-Simulacion-Concurrente\psp-cine-simulacion-concurrente\cine-simulacion-concurrente\src\main\resources
2026-01-02 18:45:01,966 [Worker-12: Building] INFO  o.a.m.s.f.DefaultMavenResourcesFiltering - skip non existing resourceDirectory C:\Users\leyre\Desktop\DAM 2 25-26\PSP\Cine-Simulacion-Concurrente\psp-cine-simulacion-concurrente\cine-simulacion-concurrente\src\test\resources
2026-01-02 18:47:37,007 [Worker-4: Building] INFO  o.a.m.s.f.DefaultMavenResourcesFiltering - skip non existing resourceDirectory C:\Users\leyre\Desktop\DAM 2 25-26\PSP\Cine-Simulacion-Concurrente\psp-cine-simulacion-concurrente\cine-simulacion-concurrente\src\main\resources
2026-01-02 18:47:37,011 [Worker-4: Building] INFO  o.a.m.s.f.DefaultMavenResourcesFiltering - skip non existing resourceDirectory C:\Users\leyre\Desktop\DAM 2 25-26\PSP\Cine-Simulacion-Concurrente\psp-cine-simulacion-concurrente\cine-simulacion-concurrente\src\test\resources
2026-01-02 18:48:37,384 [Worker-12: Building] INFO  o.a.m.s.f.DefaultMavenResourcesFiltering - skip non existing resourceDirectory C:\Users\leyre\Desktop\DAM 2 25-26\PSP\Cine-Simulacion-Concurrente\psp-cine-simulacion-concurrente\cine-simulacion-concurrente\src\main\resources
2026-01-02 18:48:37,387 [Worker-12: Building] INFO  o.a.m.s.f.DefaultMavenResourcesFiltering - skip non existing resourceDirectory C:\Users\leyre\Desktop\DAM 2 25-26\PSP\Cine-Simulacion-Concurrente\psp-cine-simulacion-concurrente\cine-simulacion-concurrente\src\test\resources
2026-01-02 18:53:41,508 [Worker-4: Building] INFO  o.a.m.s.f.DefaultMavenResourcesFiltering - skip non existing resourceDirectory C:\Users\leyre\Desktop\DAM 2 25-26\PSP\Cine-Simulacion-Concurrente\psp-cine-simulacion-concurrente\cine-simulacion-concurrente\src\main\resources
2026-01-02 18:53:41,510 [Worker-4: Building] INFO  o.a.m.s.f.DefaultMavenResourcesFiltering - skip non existing resourceDirectory C:\Users\leyre\Desktop\DAM 2 25-26\PSP\Cine-Simulacion-Concurrente\psp-cine-simulacion-concurrente\cine-simulacion-concurrente\src\test\resources
2026-01-02 18:55:40,616 [Worker-22: Building] INFO  o.a.m.s.f.DefaultMavenResourcesFiltering - skip non existing resourceDirectory C:\Users\leyre\Desktop\DAM 2 25-26\PSP\Cine-Simulacion-Concurrente\psp-cine-simulacion-concurrente\cine-simulacion-concurrente\src\main\resources
2026-01-02 18:55:40,618 [Worker-22: Building] INFO  o.a.m.s.f.DefaultMavenResourcesFiltering - skip non existing resourceDirectory C:\Users\leyre\Desktop\DAM 2 25-26\PSP\Cine-Simulacion-Concurrente\psp-cine-simulacion-concurrente\cine-simulacion-concurrente\src\test\resources
2026-01-02 18:57:40,362 [Worker-41: Building] INFO  o.a.m.s.f.DefaultMavenResourcesFiltering - skip non existing resourceDirectory C:\Users\leyre\Desktop\DAM 2 25-26\PSP\Cine-Simulacion-Concurrente\psp-cine-simulacion-concurrente\cine-simulacion-concurrente\src\main\resources
2026-01-02 18:57:40,365 [Worker-41: Building] INFO  o.a.m.s.f.DefaultMavenResourcesFiltering - skip non existing resourceDirectory C:\Users\leyre\Desktop\DAM 2 25-26\PSP\Cine-Simulacion-Concurrente\psp-cine-simulacion-concurrente\cine-simulacion-concurrente\src\test\resources
2026-01-02 19:23:01,346 [Worker-45: Building] INFO  o.a.m.s.f.DefaultMavenResourcesFiltering - skip non existing resourceDirectory C:\Users\leyre\Desktop\DAM 2 25-26\PSP\Cine-Simulacion-Concurrente\psp-cine-simulacion-concurrente\cine-simulacion-concurrente\src\main\resources
2026-01-02 19:23:01,348 [Worker-45: Building] INFO  o.a.m.s.f.DefaultMavenResourcesFiltering - skip non existing resourceDirectory C:\Users\leyre\Desktop\DAM 2 25-26\PSP\Cine-Simulacion-Concurrente\psp-cine-simulacion-concurrente\cine-simulacion-concurrente\src\test\resources
2026-01-02 19:23:17,062 [Worker-44: Building] INFO  o.a.m.s.f.DefaultMavenResourcesFiltering - skip non existing resourceDirectory C:\Users\leyre\Desktop\DAM 2 25-26\PSP\Cine-Simulacion-Concurrente\psp-cine-simulacion-concurrente\cine-simulacion-concurrente\src\main\resources
2026-01-02 19:23:17,064 [Worker-44: Building] INFO  o.a.m.s.f.DefaultMavenResourcesFiltering - skip non existing resourceDirectory C:\Users\leyre\Desktop\DAM 2 25-26\PSP\Cine-Simulacion-Concurrente\psp-cine-simulacion-concurrente\cine-simulacion-concurrente\src\test\resources
2026-01-02 19:25:37,695 [Worker-44: Building] INFO  o.a.m.s.f.DefaultMavenResourcesFiltering - skip non existing resourceDirectory C:\Users\leyre\Desktop\DAM 2 25-26\PSP\Cine-Simulacion-Concurrente\psp-cine-simulacion-concurrente\cine-simulacion-concurrente\src\main\resources
2026-01-02 19:25:37,697 [Worker-44: Building] INFO  o.a.m.s.f.DefaultMavenResourcesFiltering - skip non existing resourceDirectory C:\Users\leyre\Desktop\DAM 2 25-26\PSP\Cine-Simulacion-Concurrente\psp-cine-simulacion-concurrente\cine-simulacion-concurrente\src\test\resources
2026-01-02 19:25:51,681 [Worker-45: Building] INFO  o.a.m.s.f.DefaultMavenResourcesFiltering - skip non existing resourceDirectory C:\Users\leyre\Desktop\DAM 2 25-26\PSP\Cine-Simulacion-Concurrente\psp-cine-simulacion-concurrente\cine-simulacion-concurrente\src\main\resources
2026-01-02 19:25:51,682 [Worker-45: Building] INFO  o.a.m.s.f.DefaultMavenResourcesFiltering - skip non existing resourceDirectory C:\Users\leyre\Desktop\DAM 2 25-26\PSP\Cine-Simulacion-Concurrente\psp-cine-simulacion-concurrente\cine-simulacion-concurrente\src\test\resources
2026-01-02 19:27:05,444 [Worker-41: Building] INFO  o.a.m.s.f.DefaultMavenResourcesFiltering - skip non existing resourceDirectory C:\Users\leyre\Desktop\DAM 2 25-26\PSP\Cine-Simulacion-Concurrente\psp-cine-simulacion-concurrente\cine-simulacion-concurrente\src\main\resources
2026-01-02 19:27:05,446 [Worker-41: Building] INFO  o.a.m.s.f.DefaultMavenResourcesFiltering - skip non existing resourceDirectory C:\Users\leyre\Desktop\DAM 2 25-26\PSP\Cine-Simulacion-Concurrente\psp-cine-simulacion-concurrente\cine-simulacion-concurrente\src\test\resources
2026-01-02 20:38:21,257 [Worker-47: Launching AppTaquilla] INFO  o.a.m.s.f.DefaultMavenResourcesFiltering - skip non existing resourceDirectory C:\Users\leyre\Desktop\DAM 2 25-26\PSP\Cine-Simulacion-Concurrente\psp-cine-simulacion-concurrente\cine-simulacion-concurrente\src\main\resources
2026-01-02 20:38:21,259 [Worker-47: Launching AppTaquilla] INFO  o.a.m.s.f.DefaultMavenResourcesFiltering - skip non existing resourceDirectory C:\Users\leyre\Desktop\DAM 2 25-26\PSP\Cine-Simulacion-Concurrente\psp-cine-simulacion-concurrente\cine-simulacion-concurrente\src\test\resources
2026-01-02 20:46:39,097 [Worker-51: Building] INFO  o.a.m.s.f.DefaultMavenResourcesFiltering - skip non existing resourceDirectory C:\Users\leyre\Desktop\DAM 2 25-26\PSP\Cine-Simulacion-Concurrente\psp-cine-simulacion-concurrente\cine-simulacion-concurrente\src\main\resources
2026-01-02 20:46:39,100 [Worker-51: Building] INFO  o.a.m.s.f.DefaultMavenResourcesFiltering - skip non existing resourceDirectory C:\Users\leyre\Desktop\DAM 2 25-26\PSP\Cine-Simulacion-Concurrente\psp-cine-simulacion-concurrente\cine-simulacion-concurrente\src\test\resources
2026-01-02 21:04:34,162 [Worker-50: Launching AppTaquilla] INFO  o.a.m.s.f.DefaultMavenResourcesFiltering - skip non existing resourceDirectory C:\Users\leyre\Desktop\DAM 2 25-26\PSP\Cine-Simulacion-Concurrente\psp-cine-simulacion-concurrente\cine-simulacion-concurrente\src\main\resources
2026-01-02 21:04:34,166 [Worker-50: Launching AppTaquilla] INFO  o.a.m.s.f.DefaultMavenResourcesFiltering - skip non existing resourceDirectory C:\Users\leyre\Desktop\DAM 2 25-26\PSP\Cine-Simulacion-Concurrente\psp-cine-simulacion-concurrente\cine-simulacion-concurrente\src\test\resources
2026-01-02 21:11:26,449 [Worker-54: Launching AppTaquilla] INFO  o.a.m.s.f.DefaultMavenResourcesFiltering - skip non existing resourceDirectory C:\Users\leyre\Desktop\DAM 2 25-26\PSP\Cine-Simulacion-Concurrente\psp-cine-simulacion-concurrente\cine-simulacion-concurrente\src\main\resources
2026-01-02 21:11:26,451 [Worker-54: Launching AppTaquilla] INFO  o.a.m.s.f.DefaultMavenResourcesFiltering - skip non existing resourceDirectory C:\Users\leyre\Desktop\DAM 2 25-26\PSP\Cine-Simulacion-Concurrente\psp-cine-simulacion-concurrente\cine-simulacion-concurrente\src\test\resources
2026-01-02 21:13:47,980 [Worker-51: Launching AppTaquilla] INFO  o.a.m.s.f.DefaultMavenResourcesFiltering - skip non existing resourceDirectory C:\Users\leyre\Desktop\DAM 2 25-26\PSP\Cine-Simulacion-Concurrente\psp-cine-simulacion-concurrente\cine-simulacion-concurrente\src\main\resources
2026-01-02 21:13:47,983 [Worker-51: Launching AppTaquilla] INFO  o.a.m.s.f.DefaultMavenResourcesFiltering - skip non existing resourceDirectory C:\Users\leyre\Desktop\DAM 2 25-26\PSP\Cine-Simulacion-Concurrente\psp-cine-simulacion-concurrente\cine-simulacion-concurrente\src\test\resources
2026-01-02 21:31:14,369 [Worker-59: Building] INFO  o.a.m.s.f.DefaultMavenResourcesFiltering - skip non existing resourceDirectory C:\Users\leyre\Desktop\DAM 2 25-26\PSP\Cine-Simulacion-Concurrente\psp-cine-simulacion-concurrente\cine-simulacion-concurrente\src\main\resources
2026-01-02 21:31:14,370 [Worker-59: Building] INFO  o.a.m.s.f.DefaultMavenResourcesFiltering - skip non existing resourceDirectory C:\Users\leyre\Desktop\DAM 2 25-26\PSP\Cine-Simulacion-Concurrente\psp-cine-simulacion-concurrente\cine-simulacion-concurrente\src\test\resources
2026-01-02 21:31:41,166 [Worker-57: Building] INFO  o.a.m.s.f.DefaultMavenResourcesFiltering - skip non existing resourceDirectory C:\Users\leyre\Desktop\DAM 2 25-26\PSP\Cine-Simulacion-Concurrente\psp-cine-simulacion-concurrente\cine-simulacion-concurrente\src\main\resources
2026-01-02 21:31:41,168 [Worker-57: Building] INFO  o.a.m.s.f.DefaultMavenResourcesFiltering - skip non existing resourceDirectory C:\Users\leyre\Desktop\DAM 2 25-26\PSP\Cine-Simulacion-Concurrente\psp-cine-simulacion-concurrente\cine-simulacion-concurrente\src\test\resources
2026-01-02 21:40:34,304 [Worker-59: Building] INFO  o.a.m.s.f.DefaultMavenResourcesFiltering - skip non existing resourceDirectory C:\Users\leyre\Desktop\DAM 2 25-26\PSP\Cine-Simulacion-Concurrente\psp-cine-simulacion-concurrente\cine-simulacion-concurrente\src\main\resources
2026-01-02 21:40:34,307 [Worker-59: Building] INFO  o.a.m.s.f.DefaultMavenResourcesFiltering - skip non existing resourceDirectory C:\Users\leyre\Desktop\DAM 2 25-26\PSP\Cine-Simulacion-Concurrente\psp-cine-simulacion-concurrente\cine-simulacion-concurrente\src\test\resources
2026-01-02 22:54:20,753 [Worker-4: Loading available Gradle versions] INFO  o.e.b.c.i.u.g.PublishedGradleVersions - Gradle version information cache is up-to-date. Trying to read.
2026-01-02 22:54:27,193 [Worker-15: Building] INFO  o.a.m.s.f.DefaultMavenResourcesFiltering - skip non existing resourceDirectory C:\Users\leyre\Desktop\DAM 2 25-26\PSP\Cine-Simulacion-Concurrente\psp-cine-simulacion-concurrente\cine-simulacion-concurrente\src\main\resources
2026-01-02 22:54:27,208 [Worker-15: Building] INFO  o.a.m.s.f.DefaultMavenResourcesFiltering - skip non existing resourceDirectory C:\Users\leyre\Desktop\DAM 2 25-26\PSP\Cine-Simulacion-Concurrente\psp-cine-simulacion-concurrente\cine-simulacion-concurrente\src\test\resources
2026-01-02 23:12:52,753 [Worker-28: Building] INFO  o.a.m.s.f.DefaultMavenResourcesFiltering - skip non existing resourceDirectory C:\Users\leyre\Desktop\DAM 2 25-26\PSP\Cine-Simulacion-Concurrente\psp-cine-simulacion-concurrente\cine-simulacion-concurrente\src\main\resources
2026-01-02 23:12:52,764 [Worker-28: Building] INFO  o.a.m.s.f.DefaultMavenResourcesFiltering - skip non existing resourceDirectory C:\Users\leyre\Desktop\DAM 2 25-26\PSP\Cine-Simulacion-Concurrente\psp-cine-simulacion-concurrente\cine-simulacion-concurrente\src\test\resources
2026-01-02 23:24:24,333 [Worker-29: Building] INFO  o.a.m.s.f.DefaultMavenResourcesFiltering - skip non existing resourceDirectory C:\Users\leyre\Desktop\DAM 2 25-26\PSP\Cine-Simulacion-Concurrente\psp-cine-simulacion-concurrente\cine-simulacion-concurrente\src\main\resources
2026-01-02 23:24:24,340 [Worker-29: Building] INFO  o.a.m.s.f.DefaultMavenResourcesFiltering - skip non existing resourceDirectory C:\Users\leyre\Desktop\DAM 2 25-26\PSP\Cine-Simulacion-Concurrente\psp-cine-simulacion-concurrente\cine-simulacion-concurrente\src\test\resources
2026-01-02 23:36:01,942 [Worker-41: Building] INFO  o.a.m.s.f.DefaultMavenResourcesFiltering - skip non existing resourceDirectory C:\Users\leyre\Desktop\DAM 2 25-26\PSP\Cine-Simulacion-Concurrente\psp-cine-simulacion-concurrente\cine-simulacion-concurrente\src\main\resources
2026-01-02 23:36:01,951 [Worker-41: Building] INFO  o.a.m.s.f.DefaultMavenResourcesFiltering - skip non existing resourceDirectory C:\Users\leyre\Desktop\DAM 2 25-26\PSP\Cine-Simulacion-Concurrente\psp-cine-simulacion-concurrente\cine-simulacion-concurrente\src\test\resources
2026-01-02 23:36:46,393 [Worker-42: Building] INFO  o.a.m.s.f.DefaultMavenResourcesFiltering - skip non existing resourceDirectory C:\Users\leyre\Desktop\DAM 2 25-26\PSP\Cine-Simulacion-Concurrente\psp-cine-simulacion-concurrente\cine-simulacion-concurrente\src\main\resources
2026-01-02 23:36:46,397 [Worker-42: Building] INFO  o.a.m.s.f.DefaultMavenResourcesFiltering - skip non existing resourceDirectory C:\Users\leyre\Desktop\DAM 2 25-26\PSP\Cine-Simulacion-Concurrente\psp-cine-simulacion-concurrente\cine-simulacion-concurrente\src\test\resources
2026-01-02 23:45:13,879 [Worker-41: Building] INFO  o.a.m.s.f.DefaultMavenResourcesFiltering - skip non existing resourceDirectory C:\Users\leyre\Desktop\DAM 2 25-26\PSP\Cine-Simulacion-Concurrente\psp-cine-simulacion-concurrente\cine-simulacion-concurrente\src\main\resources
2026-01-02 23:45:13,884 [Worker-41: Building] INFO  o.a.m.s.f.DefaultMavenResourcesFiltering - skip non existing resourceDirectory C:\Users\leyre\Desktop\DAM 2 25-26\PSP\Cine-Simulacion-Concurrente\psp-cine-simulacion-concurrente\cine-simulacion-concurrente\src\test\resources
2026-01-02 23:46:46,518 [Worker-4: Loading available Gradle versions] INFO  o.e.b.c.i.u.g.PublishedGradleVersions - Gradle version information cache is up-to-date. Trying to read.
2026-01-02 23:55:19,494 [Worker-29: Building] INFO  o.a.m.s.f.DefaultMavenResourcesFiltering - skip non existing resourceDirectory C:\Users\leyre\Desktop\DAM 2 25-26\PSP\Cine-Simulacion-Concurrente\psp-cine-simulacion-concurrente\cine-simulacion-concurrente\src\main\resources
2026-01-02 23:55:19,505 [Worker-29: Building] INFO  o.a.m.s.f.DefaultMavenResourcesFiltering - skip non existing resourceDirectory C:\Users\leyre\Desktop\DAM 2 25-26\PSP\Cine-Simulacion-Concurrente\psp-cine-simulacion-concurrente\cine-simulacion-concurrente\src\test\resources
2026-01-02 23:59:06,334 [Worker-24: Building] INFO  o.a.m.s.f.DefaultMavenResourcesFiltering - skip non existing resourceDirectory C:\Users\leyre\Desktop\DAM 2 25-26\PSP\Cine-Simulacion-Concurrente\psp-cine-simulacion-concurrente\cine-simulacion-concurrente\src\main\resources
2026-01-02 23:59:06,340 [Worker-24: Building] INFO  o.a.m.s.f.DefaultMavenResourcesFiltering - skip non existing resourceDirectory C:\Users\leyre\Desktop\DAM 2 25-26\PSP\Cine-Simulacion-Concurrente\psp-cine-simulacion-concurrente\cine-simulacion-concurrente\src\test\resources
